Using pre-set license
Built from '2021.3/staging' branch; Version is '2021.3.8f1 (b30333d56e81) revision 11731763'; Using compiler version '192829333'; Build Type 'Release'
OS: 'Windows 10  (10.0.19044) 64bit Professional' Language: 'pl' Physical Memory: 16322 MB
BatchMode: 1, IsHumanControllingUs: 0, StartBugReporterOnCrash: 0, Is64bit: 1, IsPro: 1

COMMAND LINE ARGUMENTS:
C:\Program Files\Unity\Hub\Editor\2021.3.8f1\Editor\Unity.exe
-adb2
-batchMode
-noUpm
-name
AssetImportWorker5
-projectPath
C:/Users/Michał/Desktop/git/Horoszczy/Horoszczy
-logFile
Logs/AssetImportWorker5.log
-srvPort
61578
Successfully changed project path to: C:/Users/Michał/Desktop/git/Horoszczy/Horoszczy
C:/Users/Michał/Desktop/git/Horoszczy/Horoszczy
[UnityMemory] Configuration Parameters - Can be set up in boot.config
    "memorysetup-bucket-allocator-granularity=16"
    "memorysetup-bucket-allocator-bucket-count=8"
    "memorysetup-bucket-allocator-block-size=33554432"
    "memorysetup-bucket-allocator-block-count=8"
    "memorysetup-main-allocator-block-size=16777216"
    "memorysetup-thread-allocator-block-size=16777216"
    "memorysetup-gfx-main-allocator-block-size=16777216"
    "memorysetup-gfx-thread-allocator-block-size=16777216"
    "memorysetup-cache-allocator-block-size=4194304"
    "memorysetup-typetree-allocator-block-size=2097152"
    "memorysetup-profiler-bucket-allocator-granularity=16"
    "memorysetup-profiler-bucket-allocator-bucket-count=8"
    "memorysetup-profiler-bucket-allocator-block-size=33554432"
    "memorysetup-profiler-bucket-allocator-block-count=8"
    "memorysetup-profiler-allocator-block-size=16777216"
    "memorysetup-profiler-editor-allocator-block-size=1048576"
    "memorysetup-temp-allocator-size-main=16777216"
    "memorysetup-job-temp-allocator-block-size=2097152"
    "memorysetup-job-temp-allocator-block-size-background=1048576"
    "memorysetup-job-temp-allocator-reduction-small-platforms=262144"
    "memorysetup-temp-allocator-size-background-worker=32768"
    "memorysetup-temp-allocator-size-job-worker=262144"
    "memorysetup-temp-allocator-size-preload-manager=33554432"
    "memorysetup-temp-allocator-size-nav-mesh-worker=65536"
    "memorysetup-temp-allocator-size-audio-worker=65536"
    "memorysetup-temp-allocator-size-cloud-worker=32768"
    "memorysetup-temp-allocator-size-gi-baking-worker=262144"
    "memorysetup-temp-allocator-size-gfx=262144"
Refreshing native plugins compatible for Editor in 114.44 ms, found 3 plugins.
Preloading 0 native plugins for Editor in 0.00 ms.
Initialize engine version: 2021.3.8f1 (b30333d56e81)
[Subsystems] Discovering subsystems at path C:/Program Files/Unity/Hub/Editor/2021.3.8f1/Editor/Data/Resources/UnitySubsystems
[Subsystems] Discovering subsystems at path C:/Users/Michał/Desktop/git/Horoszczy/Horoszczy/Assets
GfxDevice: creating device client; threaded=0; jobified=0
Direct3D:
    Version:  Direct3D 11.0 [level 11.1]
    Renderer: NVIDIA GeForce GTX 1660 SUPER (ID=0x21c4)
    Vendor:   NVIDIA
    VRAM:     5992 MB
    Driver:   30.0.15.1215
Initialize mono
Mono path[0] = 'C:/Program Files/Unity/Hub/Editor/2021.3.8f1/Editor/Data/Managed'
Mono path[1] = 'C:/Program Files/Unity/Hub/Editor/2021.3.8f1/Editor/Data/MonoBleedingEdge/lib/mono/unityjit-win32'
Mono config path = 'C:/Program Files/Unity/Hub/Editor/2021.3.8f1/Editor/Data/MonoBleedingEdge/etc'
Using monoOptions --debugger-agent=transport=dt_socket,embedding=1,server=y,suspend=n,address=127.0.0.1:56432
Begin MonoManager ReloadAssembly
Registering precompiled unity dll's ...
Register platform support module: C:/Program Files/Unity/Hub/Editor/2021.3.8f1/Editor/Data/PlaybackEngines/WebGLSupport/UnityEditor.WebGL.Extensions.dll
Register platform support module: C:/Program Files/Unity/Hub/Editor/2021.3.8f1/Editor/Data/PlaybackEngines/WindowsStandaloneSupport/UnityEditor.WindowsStandalone.Extensions.dll
Registered in 0.016637 seconds.
Native extension for WindowsStandalone target not found
Native extension for WebGL target not found
Refreshing native plugins compatible for Editor in 98.43 ms, found 3 plugins.
Preloading 0 native plugins for Editor in 0.00 ms.
Mono: successfully reloaded assembly
- Completed reload, in  0.772 seconds
Domain Reload Profiling:
	ReloadAssembly (772ms)
		BeginReloadAssembly (100ms)
			ExecutionOrderSort (0ms)
			DisableScriptedObjects (0ms)
			BackupInstance (0ms)
			ReleaseScriptingObjects (0ms)
			CreateAndSetChildDomain (1ms)
		EndReloadAssembly (527ms)
			LoadAssemblies (96ms)
			RebuildTransferFunctionScriptingTraits (0ms)
			SetupTypeCache (117ms)
			ReleaseScriptCaches (0ms)
			RebuildScriptCaches (30ms)
			SetupLoadedEditorAssemblies (315ms)
				LogAssemblyErrors (0ms)
				InitializePlatformSupportModulesInManaged (13ms)
				SetLoadedEditorAssemblies (0ms)
				RefreshPlugins (99ms)
				BeforeProcessingInitializeOnLoad (2ms)
				ProcessInitializeOnLoadAttributes (151ms)
				ProcessInitializeOnLoadMethodAttributes (51ms)
				AfterProcessingInitializeOnLoad (0ms)
				EditorAssembliesLoaded (0ms)
			ExecutionOrderSort2 (0ms)
			AwakeInstancesAfterBackupRestoration (0ms)
Platform modules already initialized, skipping
Registering precompiled user dll's ...
Registered in 0.011181 seconds.
Begin MonoManager ReloadAssembly
Symbol file LoadedFromMemory doesn't match image C:\Users\Michał\Desktop\git\Horoszczy\Horoszczy\Library\PackageCache\com.unity.visualscripting@1.7.8\Editor\VisualScripting.Core\Dependencies\YamlDotNet\Unity.VisualScripting.YamlDotNet.dll
Symbol file LoadedFromMemory doesn't match image C:\Users\Michał\Desktop\git\Horoszczy\Horoszczy\Library\PackageCache\com.unity.visualscripting@1.7.8\Editor\VisualScripting.Core\Dependencies\DotNetZip\Unity.VisualScripting.IonicZip.dll
Native extension for WindowsStandalone target not found
Native extension for WebGL target not found
Refreshing native plugins compatible for Editor in 0.57 ms, found 3 plugins.
Preloading 0 native plugins for Editor in 0.00 ms.
Mono: successfully reloaded assembly
- Completed reload, in  1.192 seconds
Domain Reload Profiling:
	ReloadAssembly (1193ms)
		BeginReloadAssembly (143ms)
			ExecutionOrderSort (0ms)
			DisableScriptedObjects (6ms)
			BackupInstance (0ms)
			ReleaseScriptingObjects (0ms)
			CreateAndSetChildDomain (19ms)
		EndReloadAssembly (915ms)
			LoadAssemblies (117ms)
			RebuildTransferFunctionScriptingTraits (0ms)
			SetupTypeCache (279ms)
			ReleaseScriptCaches (1ms)
			RebuildScriptCaches (51ms)
			SetupLoadedEditorAssemblies (440ms)
				LogAssemblyErrors (0ms)
				InitializePlatformSupportModulesInManaged (10ms)
				SetLoadedEditorAssemblies (0ms)
				RefreshPlugins (1ms)
				BeforeProcessingInitializeOnLoad (111ms)
				ProcessInitializeOnLoadAttributes (265ms)
				ProcessInitializeOnLoadMethodAttributes (35ms)
				AfterProcessingInitializeOnLoad (19ms)
				EditorAssembliesLoaded (0ms)
			ExecutionOrderSort2 (0ms)
			AwakeInstancesAfterBackupRestoration (9ms)
Platform modules already initialized, skipping
========================================================================
Worker process is ready to serve import requests
Launched and connected shader compiler UnityShaderCompiler.exe after 0.06 seconds
Refreshing native plugins compatible for Editor in 0.62 ms, found 3 plugins.
Preloading 0 native plugins for Editor in 0.00 ms.
Unloading 3413 Unused Serialized files (Serialized files now loaded: 0)
Unloading 27 unused Assets / (111.8 KB). Loaded Objects now: 3893.
Memory consumption went from 133.3 MB to 133.2 MB.
Total: 4.161200 ms (FindLiveObjects: 0.282300 ms CreateObjectMapping: 0.232100 ms MarkObjects: 3.519400 ms  DeleteObjects: 0.126200 ms)

AssetImportParameters requested are different than current active one (requested -> active):
  custom:video-decoder-ogg-theora: a1e56fd34408186e4bbccfd4996cb3dc -> 
  custom:container-muxer-webm: aa71ff27fc2769a1b78a27578f13a17b -> 
  custom:container-demuxer-webm: 4f35f7cbe854078d1ac9338744f61a02 -> 
  custom:video-encoder-webm-vp8: eb34c28f22e8b96e1ab97ce403110664 -> 
  custom:audio-encoder-webm-vorbis: bf7c407c2cedff20999df2af8eb42d56 -> 
  custom:framework-win-MediaFoundation: 216162199b28c13a410421893ffa2e32 -> 
  custom:container-demuxer-ogg: 62fdf1f143b41e24485cea50d1cbac27 -> 
  custom:video-decoder-webm-vp8: 9c59270c3fd7afecdb556c50c9e8de78 -> 
  custom:audio-decoder-ogg-vorbis: bf7c407c2cedff20999df2af8eb42d56 -> 
========================================================================
Received Import Request.
  Time since last request: 17484.131411 seconds.
  path: Assets/AdditionalAssets/Pandazole_Ultimate_Pack/Pandazole Simple Game Pack/Prefabs/Prop_StreetSign_TrafficSignals.prefab
  artifactKey: Guid(8fe53d3db716d404f9334e341dffd96a) Importer(815301076,1909f56bfc062723c751e8b465ee728b)
Start importing Assets/AdditionalAssets/Pandazole_Ultimate_Pack/Pandazole Simple Game Pack/Prefabs/Prop_StreetSign_TrafficSignals.prefab using Guid(8fe53d3db716d404f9334e341dffd96a) Importer(815301076,1909f56bfc062723c751e8b465ee728b)  -> (artifact id: 'bac0c1b6523aef8dcec132446f3d8aba') in 0.169048 seconds 
========================================================================
Received Import Request.
  Time since last request: 0.000048 seconds.
  path: Assets/AdditionalAssets/Pandazole_Ultimate_Pack/Pandazole Simple Game Pack/Prefabs/Prop_Table_01.prefab
  artifactKey: Guid(cffef0e54887ac8448c9f65303733eb6) Importer(815301076,1909f56bfc062723c751e8b465ee728b)
Start importing Assets/AdditionalAssets/Pandazole_Ultimate_Pack/Pandazole Simple Game Pack/Prefabs/Prop_Table_01.prefab using Guid(cffef0e54887ac8448c9f65303733eb6) Importer(815301076,1909f56bfc062723c751e8b465ee728b)  -> (artifact id: '58faefbddc319fc394857c6a6486967c') in 0.017386 seconds 
========================================================================
Received Import Request.
  Time since last request: 0.534540 seconds.
  path: Assets/AdditionalAssets/Pandazole_Ultimate_Pack/Pandazole Simple Game Pack/Prefabs/PryBar.prefab
  artifactKey: Guid(d39e5bdf17ed0c94388607833a4c866c) Importer(815301076,1909f56bfc062723c751e8b465ee728b)
Start importing Assets/AdditionalAssets/Pandazole_Ultimate_Pack/Pandazole Simple Game Pack/Prefabs/PryBar.prefab using Guid(d39e5bdf17ed0c94388607833a4c866c) Importer(815301076,1909f56bfc062723c751e8b465ee728b)  -> (artifact id: '5de87fc2e9519b6b7ec96494682174c3') in 0.015057 seconds 
========================================================================
Received Import Request.
  Time since last request: 0.000018 seconds.
  path: Assets/AdditionalAssets/Pandazole_Ultimate_Pack/Pandazole Simple Game Pack/Prefabs/WallCShape_01.prefab
  artifactKey: Guid(2a9f5bd9a13cac44e840437c3cfaed45) Importer(815301076,1909f56bfc062723c751e8b465ee728b)
Start importing Assets/AdditionalAssets/Pandazole_Ultimate_Pack/Pandazole Simple Game Pack/Prefabs/WallCShape_01.prefab using Guid(2a9f5bd9a13cac44e840437c3cfaed45) Importer(815301076,1909f56bfc062723c751e8b465ee728b)  -> (artifact id: '027c3de776313ac644c5e43cf0ff903b') in 0.018534 seconds 
========================================================================
Received Import Request.
  Time since last request: 0.000029 seconds.
  path: Assets/AdditionalAssets/Pandazole_Ultimate_Pack/Pandazole Simple Game Pack/Prefabs/SodaCan.prefab
  artifactKey: Guid(54bf41ce18711524195534092b648214) Importer(815301076,1909f56bfc062723c751e8b465ee728b)
Start importing Assets/AdditionalAssets/Pandazole_Ultimate_Pack/Pandazole Simple Game Pack/Prefabs/SodaCan.prefab using Guid(54bf41ce18711524195534092b648214) Importer(815301076,1909f56bfc062723c751e8b465ee728b)  -> (artifact id: '31a1347e7a63f8867d8dade7d4da05df') in 0.016585 seconds 
========================================================================
Received Import Request.
  Time since last request: 467.706375 seconds.
  path: Assets/Assets_FenceChained/prefabs/chainlink_barbwire-2.prefab
  artifactKey: Guid(fb4bde335e6d1754f8cd33e1b30a65aa) Importer(815301076,1909f56bfc062723c751e8b465ee728b)
Start importing Assets/Assets_FenceChained/prefabs/chainlink_barbwire-2.prefab using Guid(fb4bde335e6d1754f8cd33e1b30a65aa) Importer(815301076,1909f56bfc062723c751e8b465ee728b)  -> (artifact id: 'f94b98b7465dd98ab0e0c0bc0ddadc9d') in 0.287647 seconds 
========================================================================
Received Import Request.
  Time since last request: 0.000024 seconds.
  path: Assets/Assets_FenceChained/prefabs/chainlink_group-1.prefab
  artifactKey: Guid(2ebdc32c603c0f74a8df3ff23c55e8e0) Importer(815301076,1909f56bfc062723c751e8b465ee728b)
Start importing Assets/Assets_FenceChained/prefabs/chainlink_group-1.prefab using Guid(2ebdc32c603c0f74a8df3ff23c55e8e0) Importer(815301076,1909f56bfc062723c751e8b465ee728b)  -> (artifact id: '46a097b8ba2c329036bc6959e4497835') in 0.018992 seconds 
========================================================================
Received Import Request.
  Time since last request: 0.000027 seconds.
  path: Assets/Assets_FenceChained/prefabs/chainlink_barbwire-3.prefab
  artifactKey: Guid(a52d55d99a7b23e42b2d401f956a3e52) Importer(815301076,1909f56bfc062723c751e8b465ee728b)
Start importing Assets/Assets_FenceChained/prefabs/chainlink_barbwire-3.prefab using Guid(a52d55d99a7b23e42b2d401f956a3e52) Importer(815301076,1909f56bfc062723c751e8b465ee728b)  -> (artifact id: '41fc079cdd67a645f51a74f6e1e26475') in 0.021246 seconds 
========================================================================
Received Import Request.
  Time since last request: 0.000023 seconds.
  path: Assets/Assets_FenceChained/prefabs/chainlink_single.prefab
  artifactKey: Guid(ecc15abaa2d4963428bdf7fc9eb09410) Importer(815301076,1909f56bfc062723c751e8b465ee728b)
Start importing Assets/Assets_FenceChained/prefabs/chainlink_single.prefab using Guid(ecc15abaa2d4963428bdf7fc9eb09410) Importer(815301076,1909f56bfc062723c751e8b465ee728b)  -> (artifact id: '50ae5b11c241b7dcb76d94f35e91a405') in 0.023687 seconds 
========================================================================
Received Import Request.
  Time since last request: 0.000027 seconds.
  path: Assets/Assets_FenceChained/prefabs/chainlink_group-3.prefab
  artifactKey: Guid(377c57e9ef0ee0e46a586ad087ef386b) Importer(815301076,1909f56bfc062723c751e8b465ee728b)
Start importing Assets/Assets_FenceChained/prefabs/chainlink_group-3.prefab using Guid(377c57e9ef0ee0e46a586ad087ef386b) Importer(815301076,1909f56bfc062723c751e8b465ee728b)  -> (artifact id: '3422c846fdb08355decbd924f5868818') in 0.021890 seconds 
Editor requested this worker to shutdown with reason: Scaling down because of idle timeout
AssetImportWorker is now disconnected from the server
Process exiting
Exiting without the bug reporter. Application will terminate with return code 0