Using pre-set license
Built from '2021.3/staging' branch; Version is '2021.3.8f1 (b30333d56e81) revision 11731763'; Using compiler version '192829333'; Build Type 'Release'
OS: 'Windows 10  (10.0.19044) 64bit Professional' Language: 'pl' Physical Memory: 16322 MB
BatchMode: 1, IsHumanControllingUs: 0, StartBugReporterOnCrash: 0, Is64bit: 1, IsPro: 1

COMMAND LINE ARGUMENTS:
C:\Program Files\Unity\Hub\Editor\2021.3.8f1\Editor\Unity.exe
-adb2
-batchMode
-noUpm
-name
AssetImportWorker4
-projectPath
C:/Users/Michał/Desktop/git/Horoszczy/Horoszczy
-logFile
Logs/AssetImportWorker4.log
-srvPort
61578
Successfully changed project path to: C:/Users/Michał/Desktop/git/Horoszczy/Horoszczy
C:/Users/Michał/Desktop/git/Horoszczy/Horoszczy
[UnityMemory] Configuration Parameters - Can be set up in boot.config
    "memorysetup-bucket-allocator-granularity=16"
    "memorysetup-bucket-allocator-bucket-count=8"
    "memorysetup-bucket-allocator-block-size=33554432"
    "memorysetup-bucket-allocator-block-count=8"
    "memorysetup-main-allocator-block-size=16777216"
    "memorysetup-thread-allocator-block-size=16777216"
    "memorysetup-gfx-main-allocator-block-size=16777216"
    "memorysetup-gfx-thread-allocator-block-size=16777216"
    "memorysetup-cache-allocator-block-size=4194304"
    "memorysetup-typetree-allocator-block-size=2097152"
    "memorysetup-profiler-bucket-allocator-granularity=16"
    "memorysetup-profiler-bucket-allocator-bucket-count=8"
    "memorysetup-profiler-bucket-allocator-block-size=33554432"
    "memorysetup-profiler-bucket-allocator-block-count=8"
    "memorysetup-profiler-allocator-block-size=16777216"
    "memorysetup-profiler-editor-allocator-block-size=1048576"
    "memorysetup-temp-allocator-size-main=16777216"
    "memorysetup-job-temp-allocator-block-size=2097152"
    "memorysetup-job-temp-allocator-block-size-background=1048576"
    "memorysetup-job-temp-allocator-reduction-small-platforms=262144"
    "memorysetup-temp-allocator-size-background-worker=32768"
    "memorysetup-temp-allocator-size-job-worker=262144"
    "memorysetup-temp-allocator-size-preload-manager=33554432"
    "memorysetup-temp-allocator-size-nav-mesh-worker=65536"
    "memorysetup-temp-allocator-size-audio-worker=65536"
    "memorysetup-temp-allocator-size-cloud-worker=32768"
    "memorysetup-temp-allocator-size-gi-baking-worker=262144"
    "memorysetup-temp-allocator-size-gfx=262144"
Refreshing native plugins compatible for Editor in 86.53 ms, found 3 plugins.
Preloading 0 native plugins for Editor in 0.00 ms.
Initialize engine version: 2021.3.8f1 (b30333d56e81)
[Subsystems] Discovering subsystems at path C:/Program Files/Unity/Hub/Editor/2021.3.8f1/Editor/Data/Resources/UnitySubsystems
[Subsystems] Discovering subsystems at path C:/Users/Michał/Desktop/git/Horoszczy/Horoszczy/Assets
GfxDevice: creating device client; threaded=0; jobified=0
Direct3D:
    Version:  Direct3D 11.0 [level 11.1]
    Renderer: NVIDIA GeForce GTX 1660 SUPER (ID=0x21c4)
    Vendor:   NVIDIA
    VRAM:     5992 MB
    Driver:   30.0.15.1215
Initialize mono
Mono path[0] = 'C:/Program Files/Unity/Hub/Editor/2021.3.8f1/Editor/Data/Managed'
Mono path[1] = 'C:/Program Files/Unity/Hub/Editor/2021.3.8f1/Editor/Data/MonoBleedingEdge/lib/mono/unityjit-win32'
Mono config path = 'C:/Program Files/Unity/Hub/Editor/2021.3.8f1/Editor/Data/MonoBleedingEdge/etc'
Using monoOptions --debugger-agent=transport=dt_socket,embedding=1,server=y,suspend=n,address=127.0.0.1:56008
Begin MonoManager ReloadAssembly
Registering precompiled unity dll's ...
Register platform support module: C:/Program Files/Unity/Hub/Editor/2021.3.8f1/Editor/Data/PlaybackEngines/WebGLSupport/UnityEditor.WebGL.Extensions.dll
Register platform support module: C:/Program Files/Unity/Hub/Editor/2021.3.8f1/Editor/Data/PlaybackEngines/WindowsStandaloneSupport/UnityEditor.WindowsStandalone.Extensions.dll
Registered in 0.014986 seconds.
Native extension for WindowsStandalone target not found
Native extension for WebGL target not found
Refreshing native plugins compatible for Editor in 95.13 ms, found 3 plugins.
Preloading 0 native plugins for Editor in 0.00 ms.
Mono: successfully reloaded assembly
- Completed reload, in  0.742 seconds
Domain Reload Profiling:
	ReloadAssembly (742ms)
		BeginReloadAssembly (87ms)
			ExecutionOrderSort (0ms)
			DisableScriptedObjects (0ms)
			BackupInstance (0ms)
			ReleaseScriptingObjects (0ms)
			CreateAndSetChildDomain (1ms)
		EndReloadAssembly (524ms)
			LoadAssemblies (83ms)
			RebuildTransferFunctionScriptingTraits (0ms)
			SetupTypeCache (113ms)
			ReleaseScriptCaches (0ms)
			RebuildScriptCaches (31ms)
			SetupLoadedEditorAssemblies (316ms)
				LogAssemblyErrors (0ms)
				InitializePlatformSupportModulesInManaged (14ms)
				SetLoadedEditorAssemblies (0ms)
				RefreshPlugins (95ms)
				BeforeProcessingInitializeOnLoad (1ms)
				ProcessInitializeOnLoadAttributes (151ms)
				ProcessInitializeOnLoadMethodAttributes (54ms)
				AfterProcessingInitializeOnLoad (0ms)
				EditorAssembliesLoaded (0ms)
			ExecutionOrderSort2 (0ms)
			AwakeInstancesAfterBackupRestoration (0ms)
Platform modules already initialized, skipping
Registering precompiled user dll's ...
Registered in 0.011298 seconds.
Begin MonoManager ReloadAssembly
Symbol file LoadedFromMemory doesn't match image C:\Users\Michał\Desktop\git\Horoszczy\Horoszczy\Library\PackageCache\com.unity.visualscripting@1.7.8\Editor\VisualScripting.Core\Dependencies\YamlDotNet\Unity.VisualScripting.YamlDotNet.dll
Symbol file LoadedFromMemory doesn't match image C:\Users\Michał\Desktop\git\Horoszczy\Horoszczy\Library\PackageCache\com.unity.visualscripting@1.7.8\Editor\VisualScripting.Core\Dependencies\DotNetZip\Unity.VisualScripting.IonicZip.dll
Native extension for WindowsStandalone target not found
Native extension for WebGL target not found
Refreshing native plugins compatible for Editor in 0.55 ms, found 3 plugins.
Preloading 0 native plugins for Editor in 0.00 ms.
Mono: successfully reloaded assembly
- Completed reload, in  1.195 seconds
Domain Reload Profiling:
	ReloadAssembly (1196ms)
		BeginReloadAssembly (130ms)
			ExecutionOrderSort (0ms)
			DisableScriptedObjects (6ms)
			BackupInstance (0ms)
			ReleaseScriptingObjects (0ms)
			CreateAndSetChildDomain (18ms)
		EndReloadAssembly (928ms)
			LoadAssemblies (108ms)
			RebuildTransferFunctionScriptingTraits (0ms)
			SetupTypeCache (274ms)
			ReleaseScriptCaches (1ms)
			RebuildScriptCaches (53ms)
			SetupLoadedEditorAssemblies (455ms)
				LogAssemblyErrors (0ms)
				InitializePlatformSupportModulesInManaged (11ms)
				SetLoadedEditorAssemblies (1ms)
				RefreshPlugins (1ms)
				BeforeProcessingInitializeOnLoad (116ms)
				ProcessInitializeOnLoadAttributes (278ms)
				ProcessInitializeOnLoadMethodAttributes (32ms)
				AfterProcessingInitializeOnLoad (17ms)
				EditorAssembliesLoaded (0ms)
			ExecutionOrderSort2 (0ms)
			AwakeInstancesAfterBackupRestoration (9ms)
Platform modules already initialized, skipping
========================================================================
Worker process is ready to serve import requests
Launched and connected shader compiler UnityShaderCompiler.exe after 0.06 seconds
Refreshing native plugins compatible for Editor in 0.81 ms, found 3 plugins.
Preloading 0 native plugins for Editor in 0.00 ms.
Unloading 3413 Unused Serialized files (Serialized files now loaded: 0)
Unloading 27 unused Assets / (111.8 KB). Loaded Objects now: 3893.
Memory consumption went from 133.3 MB to 133.2 MB.
Total: 2.933800 ms (FindLiveObjects: 0.284200 ms CreateObjectMapping: 0.218100 ms MarkObjects: 2.304800 ms  DeleteObjects: 0.125500 ms)

AssetImportParameters requested are different than current active one (requested -> active):
  custom:video-decoder-ogg-theora: a1e56fd34408186e4bbccfd4996cb3dc -> 
  custom:container-muxer-webm: aa71ff27fc2769a1b78a27578f13a17b -> 
  custom:container-demuxer-webm: 4f35f7cbe854078d1ac9338744f61a02 -> 
  custom:video-encoder-webm-vp8: eb34c28f22e8b96e1ab97ce403110664 -> 
  custom:audio-encoder-webm-vorbis: bf7c407c2cedff20999df2af8eb42d56 -> 
  custom:framework-win-MediaFoundation: 216162199b28c13a410421893ffa2e32 -> 
  custom:container-demuxer-ogg: 62fdf1f143b41e24485cea50d1cbac27 -> 
  custom:video-decoder-webm-vp8: 9c59270c3fd7afecdb556c50c9e8de78 -> 
  custom:audio-decoder-ogg-vorbis: bf7c407c2cedff20999df2af8eb42d56 -> 
========================================================================
Received Import Request.
  Time since last request: 17286.516979 seconds.
  path: Assets/AdditionalAssets
  artifactKey: Guid(b2183bc289400eb47be6b9ef8ccdef0d) Importer(815301076,1909f56bfc062723c751e8b465ee728b)
Start importing Assets/AdditionalAssets using Guid(b2183bc289400eb47be6b9ef8ccdef0d) Importer(815301076,1909f56bfc062723c751e8b465ee728b)  -> (artifact id: '740ddcae45797549d963f8fd3cbf6fda') in 0.014453 seconds 
========================================================================
Received Prepare
Registering precompiled user dll's ...
Registered in 0.011573 seconds.
Begin MonoManager ReloadAssembly
Symbol file LoadedFromMemory doesn't match image C:\Users\Michał\Desktop\git\Horoszczy\Horoszczy\Library\PackageCache\com.unity.visualscripting@1.7.8\Editor\VisualScripting.Core\Dependencies\YamlDotNet\Unity.VisualScripting.YamlDotNet.dll
Symbol file LoadedFromMemory doesn't match image C:\Users\Michał\Desktop\git\Horoszczy\Horoszczy\Library\PackageCache\com.unity.visualscripting@1.7.8\Editor\VisualScripting.Core\Dependencies\DotNetZip\Unity.VisualScripting.IonicZip.dll
Native extension for WindowsStandalone target not found
Native extension for WebGL target not found
Refreshing native plugins compatible for Editor in 0.54 ms, found 3 plugins.
Preloading 0 native plugins for Editor in 0.00 ms.
Mono: successfully reloaded assembly
- Completed reload, in  1.194 seconds
Domain Reload Profiling:
	ReloadAssembly (1195ms)
		BeginReloadAssembly (176ms)
			ExecutionOrderSort (0ms)
			DisableScriptedObjects (6ms)
			BackupInstance (0ms)
			ReleaseScriptingObjects (0ms)
			CreateAndSetChildDomain (43ms)
		EndReloadAssembly (875ms)
			LoadAssemblies (121ms)
			RebuildTransferFunctionScriptingTraits (0ms)
			SetupTypeCache (300ms)
			ReleaseScriptCaches (1ms)
			RebuildScriptCaches (44ms)
			SetupLoadedEditorAssemblies (377ms)
				LogAssemblyErrors (0ms)
				InitializePlatformSupportModulesInManaged (18ms)
				SetLoadedEditorAssemblies (0ms)
				RefreshPlugins (1ms)
				BeforeProcessingInitializeOnLoad (94ms)
				ProcessInitializeOnLoadAttributes (216ms)
				ProcessInitializeOnLoadMethodAttributes (30ms)
				AfterProcessingInitializeOnLoad (19ms)
				EditorAssembliesLoaded (0ms)
			ExecutionOrderSort2 (0ms)
			AwakeInstancesAfterBackupRestoration (9ms)
Platform modules already initialized, skipping
Refreshing native plugins compatible for Editor in 3.68 ms, found 3 plugins.
Preloading 0 native plugins for Editor in 0.00 ms.
Unloading 3393 Unused Serialized files (Serialized files now loaded: 0)
Unloading 20 unused Assets / (79.6 KB). Loaded Objects now: 3896.
Memory consumption went from 131.7 MB to 131.6 MB.
Total: 5.485700 ms (FindLiveObjects: 0.321800 ms CreateObjectMapping: 0.398600 ms MarkObjects: 4.640600 ms  DeleteObjects: 0.122900 ms)

AssetImportParameters requested are different than current active one (requested -> active):
  custom:video-decoder-ogg-theora: a1e56fd34408186e4bbccfd4996cb3dc -> 
  custom:container-muxer-webm: aa71ff27fc2769a1b78a27578f13a17b -> 
  custom:container-demuxer-webm: 4f35f7cbe854078d1ac9338744f61a02 -> 
  custom:video-encoder-webm-vp8: eb34c28f22e8b96e1ab97ce403110664 -> 
  custom:audio-encoder-webm-vorbis: bf7c407c2cedff20999df2af8eb42d56 -> 
  custom:framework-win-MediaFoundation: 216162199b28c13a410421893ffa2e32 -> 
  custom:container-demuxer-ogg: 62fdf1f143b41e24485cea50d1cbac27 -> 
  custom:video-decoder-webm-vp8: 9c59270c3fd7afecdb556c50c9e8de78 -> 
  custom:audio-decoder-ogg-vorbis: bf7c407c2cedff20999df2af8eb42d56 -> 
========================================================================
Received Import Request.
  Time since last request: 15.247449 seconds.
  path: Assets/AdditionalAssets/Pandazole_Ultimate_Pack/Pandazole Simple Game Pack/Prefabs/Arrow_01.prefab
  artifactKey: Guid(8f7bce973172b894691d6bf53db9cdcc) Importer(815301076,1909f56bfc062723c751e8b465ee728b)
Start importing Assets/AdditionalAssets/Pandazole_Ultimate_Pack/Pandazole Simple Game Pack/Prefabs/Arrow_01.prefab using Guid(8f7bce973172b894691d6bf53db9cdcc) Importer(815301076,1909f56bfc062723c751e8b465ee728b)  -> (artifact id: '8b20f3ebe074c8dd71a85ffe22a275d2') in 0.206496 seconds 
========================================================================
Received Import Request.
  Time since last request: 0.000032 seconds.
  path: Assets/AdditionalAssets/Pandazole_Ultimate_Pack/Pandazole Simple Game Pack/Prefabs/Prop_Carpet_01.prefab
  artifactKey: Guid(9e0ef940f3c18ec4fae5bcbadf9406cb) Importer(815301076,1909f56bfc062723c751e8b465ee728b)
Start importing Assets/AdditionalAssets/Pandazole_Ultimate_Pack/Pandazole Simple Game Pack/Prefabs/Prop_Carpet_01.prefab using Guid(9e0ef940f3c18ec4fae5bcbadf9406cb) Importer(815301076,1909f56bfc062723c751e8b465ee728b)  -> (artifact id: '6f768ff5cd991f356015c2b08be84b94') in 0.022040 seconds 
========================================================================
Received Import Request.
  Time since last request: 0.000027 seconds.
  path: Assets/AdditionalAssets/Pandazole_Ultimate_Pack/Pandazole Simple Game Pack/Prefabs/Knife_01.prefab
  artifactKey: Guid(695a4b22bfcfffa408b67d4e0a392673) Importer(815301076,1909f56bfc062723c751e8b465ee728b)
Start importing Assets/AdditionalAssets/Pandazole_Ultimate_Pack/Pandazole Simple Game Pack/Prefabs/Knife_01.prefab using Guid(695a4b22bfcfffa408b67d4e0a392673) Importer(815301076,1909f56bfc062723c751e8b465ee728b)  -> (artifact id: 'd5de5e1f34d6030dd67d50f5c7b799d2') in 0.017550 seconds 
========================================================================
Received Import Request.
  Time since last request: 0.000020 seconds.
  path: Assets/AdditionalAssets/Pandazole_Ultimate_Pack/Pandazole Simple Game Pack/Prefabs/Prop_RoadCone_01.prefab
  artifactKey: Guid(c24eb8b945e533543b57c77b18c13447) Importer(815301076,1909f56bfc062723c751e8b465ee728b)
Start importing Assets/AdditionalAssets/Pandazole_Ultimate_Pack/Pandazole Simple Game Pack/Prefabs/Prop_RoadCone_01.prefab using Guid(c24eb8b945e533543b57c77b18c13447) Importer(815301076,1909f56bfc062723c751e8b465ee728b)  -> (artifact id: '5d945e048e27f762db53d98b105974ac') in 0.018527 seconds 
========================================================================
Received Import Request.
  Time since last request: 0.000019 seconds.
  path: Assets/AdditionalAssets/Pandazole_Ultimate_Pack/Pandazole Simple Game Pack/Prefabs/Prop_Sofa_01.prefab
  artifactKey: Guid(96b7ca556ce445e47830fa1101bcdd33) Importer(815301076,1909f56bfc062723c751e8b465ee728b)
Start importing Assets/AdditionalAssets/Pandazole_Ultimate_Pack/Pandazole Simple Game Pack/Prefabs/Prop_Sofa_01.prefab using Guid(96b7ca556ce445e47830fa1101bcdd33) Importer(815301076,1909f56bfc062723c751e8b465ee728b)  -> (artifact id: '46fc8ab3a06fe9057662489417721a8c') in 0.020391 seconds 
========================================================================
Received Import Request.
  Time since last request: 0.000021 seconds.
  path: Assets/AdditionalAssets/Pandazole_Ultimate_Pack/Pandazole Simple Game Pack/Prefabs
  artifactKey: Guid(4853a34e92210de4c9cac10e5693ed34) Importer(815301076,1909f56bfc062723c751e8b465ee728b)
Start importing Assets/AdditionalAssets/Pandazole_Ultimate_Pack/Pandazole Simple Game Pack/Prefabs using Guid(4853a34e92210de4c9cac10e5693ed34) Importer(815301076,1909f56bfc062723c751e8b465ee728b)  -> (artifact id: '055fca1367002658fe09f8915155d11a') in 0.003401 seconds 
========================================================================
Received Import Request.
  Time since last request: 0.000035 seconds.
  path: Assets/AdditionalAssets/Pandazole_Ultimate_Pack/Pandazole Simple Game Pack/Prefabs/Env_Road_Grass_01.prefab
  artifactKey: Guid(623f6e318aac73947a34de78282715b2) Importer(815301076,1909f56bfc062723c751e8b465ee728b)
Start importing Assets/AdditionalAssets/Pandazole_Ultimate_Pack/Pandazole Simple Game Pack/Prefabs/Env_Road_Grass_01.prefab using Guid(623f6e318aac73947a34de78282715b2) Importer(815301076,1909f56bfc062723c751e8b465ee728b)  -> (artifact id: '46f99fb56c8a675c3bb0e46ba00a97c3') in 0.020921 seconds 
========================================================================
Received Import Request.
  Time since last request: 0.000022 seconds.
  path: Assets/AdditionalAssets/Pandazole_Ultimate_Pack/Pandazole Simple Game Pack/Prefabs/Food_Apple.prefab
  artifactKey: Guid(e7a2a8a83b359a54f89e9c51b55f1d54) Importer(815301076,1909f56bfc062723c751e8b465ee728b)
Start importing Assets/AdditionalAssets/Pandazole_Ultimate_Pack/Pandazole Simple Game Pack/Prefabs/Food_Apple.prefab using Guid(e7a2a8a83b359a54f89e9c51b55f1d54) Importer(815301076,1909f56bfc062723c751e8b465ee728b)  -> (artifact id: '0a1388a6ae55d0256d65305397e3b38d') in 0.019347 seconds 
========================================================================
Received Import Request.
  Time since last request: 0.000035 seconds.
  path: Assets/AdditionalAssets/Pandazole_Ultimate_Pack/Pandazole Simple Game Pack/Prefabs/BaseballBat_01.prefab
  artifactKey: Guid(158ab0a391ada744fa4d573b410ead6c) Importer(815301076,1909f56bfc062723c751e8b465ee728b)
Start importing Assets/AdditionalAssets/Pandazole_Ultimate_Pack/Pandazole Simple Game Pack/Prefabs/BaseballBat_01.prefab using Guid(158ab0a391ada744fa4d573b410ead6c) Importer(815301076,1909f56bfc062723c751e8b465ee728b)  -> (artifact id: 'a30ff48840df7527ee18bc4dfafdd901') in 0.020358 seconds 
========================================================================
Received Import Request.
  Time since last request: 0.000021 seconds.
  path: Assets/AdditionalAssets/Pandazole_Ultimate_Pack/Pandazole Simple Game Pack/Prefabs/Prop_ModernTV.prefab
  artifactKey: Guid(e6ebbc43f51b43f4bb7907ee6939a686) Importer(815301076,1909f56bfc062723c751e8b465ee728b)
Start importing Assets/AdditionalAssets/Pandazole_Ultimate_Pack/Pandazole Simple Game Pack/Prefabs/Prop_ModernTV.prefab using Guid(e6ebbc43f51b43f4bb7907ee6939a686) Importer(815301076,1909f56bfc062723c751e8b465ee728b)  -> (artifact id: '2607b7b26f377f6d398a2b7f3534245b') in 0.020280 seconds 
========================================================================
Received Import Request.
  Time since last request: 0.000029 seconds.
  path: Assets/AdditionalAssets/Pandazole_Ultimate_Pack/Pandazole Simple Game Pack/Prefabs/Bow_01.prefab
  artifactKey: Guid(68137c2112088dd47ad3cb1b2ff2341e) Importer(815301076,1909f56bfc062723c751e8b465ee728b)
Start importing Assets/AdditionalAssets/Pandazole_Ultimate_Pack/Pandazole Simple Game Pack/Prefabs/Bow_01.prefab using Guid(68137c2112088dd47ad3cb1b2ff2341e) Importer(815301076,1909f56bfc062723c751e8b465ee728b)  -> (artifact id: '3b2e131912411e28d4900ba349c65671') in 0.021681 seconds 
========================================================================
Received Import Request.
  Time since last request: 0.000032 seconds.
  path: Assets/AdditionalAssets/Pandazole_Ultimate_Pack/Pandazole Simple Game Pack/Prefabs/Axe_01.prefab
  artifactKey: Guid(a028d11266903c34b845c1a69e33062d) Importer(815301076,1909f56bfc062723c751e8b465ee728b)
Start importing Assets/AdditionalAssets/Pandazole_Ultimate_Pack/Pandazole Simple Game Pack/Prefabs/Axe_01.prefab using Guid(a028d11266903c34b845c1a69e33062d) Importer(815301076,1909f56bfc062723c751e8b465ee728b)  -> (artifact id: '2a24691b5d994d880883c9279471e572') in 0.021689 seconds 
========================================================================
Received Import Request.
  Time since last request: 0.000037 seconds.
  path: Assets/AdditionalAssets/Pandazole_Ultimate_Pack/Pandazole Simple Game Pack/Prefabs/GroundBase_01.prefab
  artifactKey: Guid(d209655c06f7fe040a0f4b8c5c946bcb) Importer(815301076,1909f56bfc062723c751e8b465ee728b)
Start importing Assets/AdditionalAssets/Pandazole_Ultimate_Pack/Pandazole Simple Game Pack/Prefabs/GroundBase_01.prefab using Guid(d209655c06f7fe040a0f4b8c5c946bcb) Importer(815301076,1909f56bfc062723c751e8b465ee728b)  -> (artifact id: '8a26f43a31e11b979dc65b5a030a573a') in 0.021993 seconds 
========================================================================
Received Import Request.
  Time since last request: 0.000026 seconds.
  path: Assets/AdditionalAssets/Pandazole_Ultimate_Pack/Pandazole Simple Game Pack/Prefabs/Prop_Book_01.prefab
  artifactKey: Guid(2fac0727655d8f7418660fd17707e067) Importer(815301076,1909f56bfc062723c751e8b465ee728b)
Start importing Assets/AdditionalAssets/Pandazole_Ultimate_Pack/Pandazole Simple Game Pack/Prefabs/Prop_Book_01.prefab using Guid(2fac0727655d8f7418660fd17707e067) Importer(815301076,1909f56bfc062723c751e8b465ee728b)  -> (artifact id: '5b159af1bd841f67ebbe12c642280b14') in 0.022112 seconds 
========================================================================
Received Import Request.
  Time since last request: 0.000024 seconds.
  path: Assets/AdditionalAssets/Pandazole_Ultimate_Pack/Pandazole Simple Game Pack/Prefabs/GlassBottle_01.prefab
  artifactKey: Guid(36fee3af2a665864692eab932bef78d4) Importer(815301076,1909f56bfc062723c751e8b465ee728b)
Start importing Assets/AdditionalAssets/Pandazole_Ultimate_Pack/Pandazole Simple Game Pack/Prefabs/GlassBottle_01.prefab using Guid(36fee3af2a665864692eab932bef78d4) Importer(815301076,1909f56bfc062723c751e8b465ee728b)  -> (artifact id: '45dd8d43923dad716b1890e337cd633a') in 0.022504 seconds 
========================================================================
Received Import Request.
  Time since last request: 0.000022 seconds.
  path: Assets/AdditionalAssets/Pandazole_Ultimate_Pack/Pandazole Simple Game Pack/Prefabs/Env_ResidentBuilding_01.prefab
  artifactKey: Guid(b6d2dcae7c7efd9459d35aefcaef9c80) Importer(815301076,1909f56bfc062723c751e8b465ee728b)
Start importing Assets/AdditionalAssets/Pandazole_Ultimate_Pack/Pandazole Simple Game Pack/Prefabs/Env_ResidentBuilding_01.prefab using Guid(b6d2dcae7c7efd9459d35aefcaef9c80) Importer(815301076,1909f56bfc062723c751e8b465ee728b)  -> (artifact id: 'a3d9e17ff80967a4f3d3b01bac5d1104') in 0.019099 seconds 
========================================================================
Received Import Request.
  Time since last request: 181.735123 seconds.
  path: Assets/AdditionalAssets/Pandazole_Ultimate_Pack/Pandazole Simple Game Pack/Prefabs/Prop_StreetSign_Speed_30.prefab
  artifactKey: Guid(47a2a9e39cc65834cb17ef7155da1e52) Importer(815301076,1909f56bfc062723c751e8b465ee728b)
Start importing Assets/AdditionalAssets/Pandazole_Ultimate_Pack/Pandazole Simple Game Pack/Prefabs/Prop_StreetSign_Speed_30.prefab using Guid(47a2a9e39cc65834cb17ef7155da1e52) Importer(815301076,1909f56bfc062723c751e8b465ee728b)  -> (artifact id: '634ff102d73c3b57e7fee7feb73d04c1') in 0.022492 seconds 
========================================================================
Received Import Request.
  Time since last request: 0.000031 seconds.
  path: Assets/AdditionalAssets/Pandazole_Ultimate_Pack/Pandazole Simple Game Pack/Prefabs/Prop_TrashBag_01.prefab
  artifactKey: Guid(f763a8746b477b941bf6e84aea6e3864) Importer(815301076,1909f56bfc062723c751e8b465ee728b)
Start importing Assets/AdditionalAssets/Pandazole_Ultimate_Pack/Pandazole Simple Game Pack/Prefabs/Prop_TrashBag_01.prefab using Guid(f763a8746b477b941bf6e84aea6e3864) Importer(815301076,1909f56bfc062723c751e8b465ee728b)  -> (artifact id: '9b0c4409482a78bb98b24240c6386214') in 0.017523 seconds 
========================================================================
Received Import Request.
  Time since last request: 0.000034 seconds.
  path: Assets/AdditionalAssets/Pandazole_Ultimate_Pack/Pandazole Simple Game Pack/Prefabs/Prop_Table_01.001.prefab
  artifactKey: Guid(d0170e45993037d4090f306552db19de) Importer(815301076,1909f56bfc062723c751e8b465ee728b)
Start importing Assets/AdditionalAssets/Pandazole_Ultimate_Pack/Pandazole Simple Game Pack/Prefabs/Prop_Table_01.001.prefab using Guid(d0170e45993037d4090f306552db19de) Importer(815301076,1909f56bfc062723c751e8b465ee728b)  -> (artifact id: '88ce86ed5c20c5cbffd1df7b6a05bd33') in 0.020680 seconds 
========================================================================
Received Import Request.
  Time since last request: 0.000022 seconds.
  path: Assets/AdditionalAssets/Pandazole_Ultimate_Pack/Pandazole Simple Game Pack/Prefabs/Prop_TrashCan_01.prefab
  artifactKey: Guid(7d6fdeded9a93564485a33ca31e45583) Importer(815301076,1909f56bfc062723c751e8b465ee728b)
Start importing Assets/AdditionalAssets/Pandazole_Ultimate_Pack/Pandazole Simple Game Pack/Prefabs/Prop_TrashCan_01.prefab using Guid(7d6fdeded9a93564485a33ca31e45583) Importer(815301076,1909f56bfc062723c751e8b465ee728b)  -> (artifact id: 'aa88b801fb193f24ba8a74df41935520') in 0.017995 seconds 
========================================================================
Received Import Request.
  Time since last request: 0.000020 seconds.
  path: Assets/AdditionalAssets/Pandazole_Ultimate_Pack/Pandazole Simple Game Pack/Prefabs/Prop_Wall_01.prefab
  artifactKey: Guid(f97bb3d4d89648c44ae86b5c684bc069) Importer(815301076,1909f56bfc062723c751e8b465ee728b)
Start importing Assets/AdditionalAssets/Pandazole_Ultimate_Pack/Pandazole Simple Game Pack/Prefabs/Prop_Wall_01.prefab using Guid(f97bb3d4d89648c44ae86b5c684bc069) Importer(815301076,1909f56bfc062723c751e8b465ee728b)  -> (artifact id: '89734d3b6380a859a58115db60cd2824') in 0.020393 seconds 
========================================================================
Received Import Request.
  Time since last request: 0.000020 seconds.
  path: Assets/AdditionalAssets/Pandazole_Ultimate_Pack/Pandazole Simple Game Pack/Prefabs/Prop_WallShelf_01.prefab
  artifactKey: Guid(3861c043afe2be543bbce74bc8f6db93) Importer(815301076,1909f56bfc062723c751e8b465ee728b)
Start importing Assets/AdditionalAssets/Pandazole_Ultimate_Pack/Pandazole Simple Game Pack/Prefabs/Prop_WallShelf_01.prefab using Guid(3861c043afe2be543bbce74bc8f6db93) Importer(815301076,1909f56bfc062723c751e8b465ee728b)  -> (artifact id: 'b8006a9c87b05c58b920fdda984f4453') in 0.019376 seconds 
========================================================================
Received Import Request.
  Time since last request: 0.000026 seconds.
  path: Assets/AdditionalAssets/Pandazole_Ultimate_Pack/Pandazole Simple Game Pack/Prefabs/Prop_Tree_04.prefab
  artifactKey: Guid(c79d4784e3704994c9e584801bed4dd3) Importer(815301076,1909f56bfc062723c751e8b465ee728b)
Start importing Assets/AdditionalAssets/Pandazole_Ultimate_Pack/Pandazole Simple Game Pack/Prefabs/Prop_Tree_04.prefab using Guid(c79d4784e3704994c9e584801bed4dd3) Importer(815301076,1909f56bfc062723c751e8b465ee728b)  -> (artifact id: '6b1683e73ac7da02e9ad45fab4451ea0') in 0.015935 seconds 
========================================================================
Received Import Request.
  Time since last request: 0.000025 seconds.
  path: Assets/AdditionalAssets/Pandazole_Ultimate_Pack/Pandazole Simple Game Pack/Prefabs/Prop_TV_Table.prefab
  artifactKey: Guid(7e399f3872d332b4faec96793c759cc0) Importer(815301076,1909f56bfc062723c751e8b465ee728b)
Start importing Assets/AdditionalAssets/Pandazole_Ultimate_Pack/Pandazole Simple Game Pack/Prefabs/Prop_TV_Table.prefab using Guid(7e399f3872d332b4faec96793c759cc0) Importer(815301076,1909f56bfc062723c751e8b465ee728b)  -> (artifact id: '9caf83acaf4883b97310da4ae0fd8981') in 0.019250 seconds 
========================================================================
Received Import Request.
  Time since last request: 0.529344 seconds.
  path: Assets/AdditionalAssets/Pandazole_Ultimate_Pack/Pandazole Simple Game Pack/Prefabs/Prop_WallShelf_02.prefab
  artifactKey: Guid(42107521ef2a7044d82e542572b54888) Importer(815301076,1909f56bfc062723c751e8b465ee728b)
Start importing Assets/AdditionalAssets/Pandazole_Ultimate_Pack/Pandazole Simple Game Pack/Prefabs/Prop_WallShelf_02.prefab using Guid(42107521ef2a7044d82e542572b54888) Importer(815301076,1909f56bfc062723c751e8b465ee728b)  -> (artifact id: '3696494379b8808a1360e718c43e37ff') in 0.016597 seconds 
========================================================================
Received Import Request.
  Time since last request: 0.000019 seconds.
  path: Assets/AdditionalAssets/Pandazole_Ultimate_Pack/Pandazole Simple Game Pack/Prefabs/WallCornor_01.prefab
  artifactKey: Guid(67393d030ffe2ee48872d86123583466) Importer(815301076,1909f56bfc062723c751e8b465ee728b)
Start importing Assets/AdditionalAssets/Pandazole_Ultimate_Pack/Pandazole Simple Game Pack/Prefabs/WallCornor_01.prefab using Guid(67393d030ffe2ee48872d86123583466) Importer(815301076,1909f56bfc062723c751e8b465ee728b)  -> (artifact id: 'ffb3824c3fcc70cd8902ee8264384f0a') in 0.018544 seconds 
Editor requested this worker to shutdown with reason: Scaling down because of idle timeout
AssetImportWorker is now disconnected from the server
Process exiting
Exiting without the bug reporter. Application will terminate with return code 0